 command line:
   ./T_FF_Wave_isim_beh.exe
     -intstyle  ise
     -ipchost  localhost
     -ipcport  55849

Sun Oct 06 23:19:38 2019

Total Line Count = 760

 Elaboration time 0.015625 sec.

 Estimate current memory usage 74.0803 Meg. 

 Total signals 11
 Total nets 6
 Total signal drivers 6
 Total blocks 7
 Total primitive blocks 1
 Total processes 3
ntrace select -o on -m / -l this 
ntrace start 
run all 
Simulator is doing circuit initialization process.
Finished circuit initialization process.
