 command line:
   ./Half_Subtractor_Structural_Wave_isim_beh.exe
     -intstyle  ise
     -ipchost  localhost
     -ipcport  52162

Sun Oct 06 15:12:39 2019

Total Line Count = 776

 Elaboration time 0 sec.

 Estimate current memory usage 74.0884 Meg. 

 Total signals 14
 Total nets 5
 Total signal drivers 5
 Total blocks 9
 Total primitive blocks 2
 Total processes 5
ntrace select -o on -m / -l this 
ntrace start 
run all 
Simulator is doing circuit initialization process.
Finished circuit initialization process.
