Release 8.1i - xst I.24
Copyright (c) 1995-2005 Xilinx, Inc.  All rights reserved.
--> Parameter TMPDIR set to ./xst/projnav.tmp
CPU : 0.00 / 0.16 s | Elapsed : 0.00 / 0.00 s
 
--> Parameter xsthdpdir set to ./xst
CPU : 0.00 / 0.16 s | Elapsed : 0.00 / 0.00 s
 
--> Reading design: Synchronus_4_counter_Structural_Vhdl.prj

TABLE OF CONTENTS
  1) Synthesis Options Summary
  2) HDL Compilation
  3) HDL Analysis
  4) HDL Synthesis
     4.1) HDL Synthesis Report
  5) Advanced HDL Synthesis
     5.1) Advanced HDL Synthesis Report
  6) Low Level Synthesis
  7) Final Report

=========================================================================
*                      Synthesis Options Summary                        *
=========================================================================
---- Source Parameters
Input File Name                    : "Synchronus_4_counter_Structural_Vhdl.prj"
Input Format                       : mixed
Ignore Synthesis Constraint File   : NO

---- Target Parameters
Output File Name                   : "Synchronus_4_counter_Structural_Vhdl"
Output Format                      : NGC
Target Device                      : Automotive CoolRunner2

---- Source Options
Top Module Name                    : Synchronus_4_counter_Structural_Vhdl
Automatic FSM Extraction           : YES
FSM Encoding Algorithm             : Auto
Mux Extraction                     : YES
Resource Sharing                   : YES

---- Target Options
Add IO Buffers                     : YES
MACRO Preserve                     : YES
XOR Preserve                       : YES
Equivalent register Removal        : YES

---- General Options
Optimization Goal                  : Speed
Optimization Effort                : 1
Keep Hierarchy                     : YES
RTL Output                         : Yes
Hierarchy Separator                : /
Bus Delimiter                      : <>
Case Specifier                     : maintain

---- Other Options
lso                                : Synchronus_4_counter_Structural_Vhdl.lso
verilog2001                        : YES
safe_implementation                : No
wysiwyg                            : NO

=========================================================================


=========================================================================
*                          HDL Compilation                              *
=========================================================================
Compiling vhdl file "D:/Xilinx/Synchronus_4_counter_Structural/Synchronus_4_counter_Structural_Vhdl.vhd" in Library work.
Architecture behavioral of Entity jk_ff is up to date.
Architecture structural of Entity synchronus_4_counter_structural_vhdl is up to date.

=========================================================================
*                            HDL Analysis                               *
=========================================================================
Analyzing Entity <Synchronus_4_counter_Structural_Vhdl> (Architecture <structural>).
Entity <Synchronus_4_counter_Structural_Vhdl> analyzed. Unit <Synchronus_4_counter_Structural_Vhdl> generated.

Analyzing Entity <JK_FF> (Architecture <behavioral>).
WARNING:Xst:819 - "D:/Xilinx/Synchronus_4_counter_Structural/Synchronus_4_counter_Structural_Vhdl.vhd" line 16: The following signals are missing in the process sensitivity list:
   S.
Entity <JK_FF> analyzed. Unit <JK_FF> generated.


=========================================================================
*                           HDL Synthesis                               *
=========================================================================

Synthesizing Unit <JK_FF>.
    Related source file is "D:/Xilinx/Synchronus_4_counter_Structural/Synchronus_4_counter_Structural_Vhdl.vhd".
    Found 1-bit register for signal <S>.
    Summary:
	inferred   1 D-type flip-flop(s).
Unit <JK_FF> synthesized.


Synthesizing Unit <Synchronus_4_counter_Structural_Vhdl>.
    Related source file is "D:/Xilinx/Synchronus_4_counter_Structural/Synchronus_4_counter_Structural_Vhdl.vhd".
Unit <Synchronus_4_counter_Structural_Vhdl> synthesized.


=========================================================================
HDL Synthesis Report

Macro Statistics
# Registers                                            : 4
 1-bit register                                        : 4

=========================================================================

=========================================================================
*                       Advanced HDL Synthesis                          *
=========================================================================


=========================================================================
Advanced HDL Synthesis Report

Macro Statistics
# Registers                                            : 1
 Flip-Flops                                            : 1

=========================================================================

=========================================================================
*                         Low Level Synthesis                           *
=========================================================================

Optimizing unit <Synchronus_4_counter_Structural_Vhdl> ...

Optimizing unit <JK_FF> ...
  implementation constraint: INIT=r	 : S

=========================================================================
*                            Final Report                               *
=========================================================================
Final Results
RTL Top Level Output File Name     : Synchronus_4_counter_Structural_Vhdl.ngr
Top Level Output File Name         : Synchronus_4_counter_Structural_Vhdl
Output Format                      : NGC
Optimization Goal                  : Speed
Keep Hierarchy                     : YES
Target Technology                  : Automotive CoolRunner2
Macro Preserve                     : YES
XOR Preserve                       : YES
wysiwyg                            : NO

Design Statistics
# IOs                              : 6

Cell Usage :
# BELS                             : 39
#      AND2                        : 10
#      INV                         : 16
#      OR2                         : 12
#      VCC                         : 1
# FlipFlops/Latches                : 4
#      FDCE                        : 4
# IO Buffers                       : 6
#      IBUF                        : 2
#      OBUF                        : 4
=========================================================================
CPU : 5.38 / 5.54 s | Elapsed : 6.00 / 6.00 s
 
--> 

Total memory usage is 146860 kilobytes

Number of errors   :    0 (   0 filtered)
Number of warnings :    1 (   0 filtered)
Number of infos    :    0 (   0 filtered)

