 command line:
   ./D_FF_WAVE_isim_beh.exe
     -intstyle  ise
     -ipchost  localhost
     -ipcport  55674

Sun Oct 06 22:54:25 2019

Total Line Count = 757

 Elaboration time 0 sec.

 Estimate current memory usage 73.429 Meg. 

 Total signals 10
 Total nets 5
 Total signal drivers 5
 Total blocks 7
 Total primitive blocks 1
 Total processes 3
ntrace select -o on -n /D_FF_WAVE/clk 
ntrace select -o on -n /D_FF_WAVE/preset 
ntrace select -o on -n /D_FF_WAVE/clear 
ntrace select -o on -n /D_FF_WAVE/d 
ntrace select -o on -n /D_FF_WAVE/q 
ntrace start 
run all 
Simulator is doing circuit initialization process.
Finished circuit initialization process.
