 command line:
   ./Asynchronus_Struc_Counter_WAVE_isim_beh.exe
     -intstyle  ise
     -ipchost  localhost
     -ipcport  51179

Tue Oct 08 19:27:45 2019

Total Line Count = 833

 Elaboration time 0 sec.

 Estimate current memory usage 74.1949 Meg. 

 Total signals 31
 Total nets 22
 Total signal drivers 14
 Total blocks 11
 Total primitive blocks 4
 Total processes 10
ntrace select -o on -m / -l this 
ntrace start 
run all 
Simulator is doing circuit initialization process.
Finished circuit initialization process.
