 command line:
   ./Full_Subtracter_Dataflow_WAVE_isim_beh.exe
     -intstyle  ise
     -ipchost  localhost
     -ipcport  64774

Sun Oct 06 01:42:48 2019

Total Line Count = 770

 Elaboration time 0.015625 sec.

 Estimate current memory usage 74.1908 Meg. 

 Total signals 10
 Total nets 5
 Total signal drivers 5
 Total blocks 7
 Total primitive blocks 1
 Total processes 4
ntrace select -o on -m / -l this 
ntrace start 
run all 
Simulator is doing circuit initialization process.
Finished circuit initialization process.
