Release 8.1i - xst I.24
Copyright (c) 1995-2005 Xilinx, Inc.  All rights reserved.
--> Parameter TMPDIR set to ./xst/projnav.tmp
CPU : 0.00 / 0.15 s | Elapsed : 0.00 / 0.00 s
 
--> Parameter xsthdpdir set to ./xst
CPU : 0.00 / 0.15 s | Elapsed : 0.00 / 0.00 s
 
--> Reading design: Full_Adder_Structural_vhdl.prj

TABLE OF CONTENTS
  1) Synthesis Options Summary
  2) HDL Compilation
  3) HDL Analysis
  4) HDL Synthesis
     4.1) HDL Synthesis Report
  5) Advanced HDL Synthesis
     5.1) Advanced HDL Synthesis Report
  6) Low Level Synthesis
  7) Final Report

=========================================================================
*                      Synthesis Options Summary                        *
=========================================================================
---- Source Parameters
Input File Name                    : "Full_Adder_Structural_vhdl.prj"
Input Format                       : mixed
Ignore Synthesis Constraint File   : NO

---- Target Parameters
Output File Name                   : "Full_Adder_Structural_vhdl"
Output Format                      : NGC
Target Device                      : Automotive CoolRunner2

---- Source Options
Top Module Name                    : Full_Adder_Structural_vhdl
Automatic FSM Extraction           : YES
FSM Encoding Algorithm             : Auto
Mux Extraction                     : YES
Resource Sharing                   : YES

---- Target Options
Add IO Buffers                     : YES
MACRO Preserve                     : YES
XOR Preserve                       : YES
Equivalent register Removal        : YES

---- General Options
Optimization Goal                  : Speed
Optimization Effort                : 1
Keep Hierarchy                     : YES
RTL Output                         : Yes
Hierarchy Separator                : /
Bus Delimiter                      : <>
Case Specifier                     : maintain

---- Other Options
lso                                : Full_Adder_Structural_vhdl.lso
verilog2001                        : YES
safe_implementation                : No
wysiwyg                            : NO

=========================================================================


=========================================================================
*                          HDL Compilation                              *
=========================================================================
Compiling vhdl file "C:/Xilinx/Full_Adder_Structural/Full_Adder_Structural_vhdl.vhd" in Library work.
Architecture dataflow of Entity half_adder is up to date.
Architecture dataflow of Entity or_gate is up to date.
Architecture behavioral of Entity full_adder_structural_vhdl is up to date.

=========================================================================
*                            HDL Analysis                               *
=========================================================================
Analyzing Entity <Full_Adder_Structural_vhdl> (Architecture <behavioral>).
Entity <Full_Adder_Structural_vhdl> analyzed. Unit <Full_Adder_Structural_vhdl> generated.

Analyzing Entity <HALF_ADDER> (Architecture <dataflow>).
Entity <HALF_ADDER> analyzed. Unit <HALF_ADDER> generated.

Analyzing Entity <OR_GATE> (Architecture <dataflow>).
Entity <OR_GATE> analyzed. Unit <OR_GATE> generated.


=========================================================================
*                           HDL Synthesis                               *
=========================================================================

Synthesizing Unit <OR_GATE>.
    Related source file is "C:/Xilinx/Full_Adder_Structural/Full_Adder_Structural_vhdl.vhd".
Unit <OR_GATE> synthesized.


Synthesizing Unit <HALF_ADDER>.
    Related source file is "C:/Xilinx/Full_Adder_Structural/Full_Adder_Structural_vhdl.vhd".
    Found 1-bit xor2 for signal <SUM>.
    Summary:
	inferred   1 Xor(s).
Unit <HALF_ADDER> synthesized.


Synthesizing Unit <Full_Adder_Structural_vhdl>.
    Related source file is "C:/Xilinx/Full_Adder_Structural/Full_Adder_Structural_vhdl.vhd".
Unit <Full_Adder_Structural_vhdl> synthesized.


=========================================================================
HDL Synthesis Report

Macro Statistics
# Xors                                                 : 2
 1-bit xor2                                            : 2

=========================================================================

=========================================================================
*                       Advanced HDL Synthesis                          *
=========================================================================


=========================================================================
Advanced HDL Synthesis Report

Found no macro
=========================================================================

=========================================================================
*                         Low Level Synthesis                           *
=========================================================================
WARNING:Xst:1355 - Unit OR_GATE is merged (low complexity)

Optimizing unit <Full_Adder_Structural_vhdl> ...

Optimizing unit <HALF_ADDER> ...

=========================================================================
*                            Final Report                               *
=========================================================================
Final Results
RTL Top Level Output File Name     : Full_Adder_Structural_vhdl.ngr
Top Level Output File Name         : Full_Adder_Structural_vhdl
Output Format                      : NGC
Optimization Goal                  : Speed
Keep Hierarchy                     : YES
Target Technology                  : Automotive CoolRunner2
Macro Preserve                     : YES
XOR Preserve                       : YES
wysiwyg                            : NO

Design Statistics
# IOs                              : 5

Cell Usage :
# BELS                             : 5
#      AND2                        : 2
#      OR2                         : 1
#      XOR2                        : 2
# IO Buffers                       : 5
#      IBUF                        : 3
#      OBUF                        : 2
=========================================================================
CPU : 3.67 / 3.83 s | Elapsed : 4.00 / 4.00 s
 
--> 

Total memory usage is 146028 kilobytes

Number of errors   :    0 (   0 filtered)
Number of warnings :    1 (   0 filtered)
Number of infos    :    0 (   0 filtered)

