 command line:
   ./Full_Adder_Structural_Wave_isim_beh.exe
     -intstyle  ise
     -ipchost  localhost
     -ipcport  62581

Sun Oct 06 00:27:07 2019

Total Line Count = 810

 Elaboration time 0.015625 sec.

 Estimate current memory usage 74.1949 Meg. 

 Total signals 24
 Total nets 8
 Total signal drivers 8
 Total blocks 10
 Total primitive blocks 3
 Total processes 7
ntrace select -o on -m / -l this 
ntrace start 
run all 
Simulator is doing circuit initialization process.
Finished circuit initialization process.
