 command line:
   ./Full_Adder_Behavioural_Wave_isim_beh.exe
     -intstyle  ise
     -ipchost  localhost
     -ipcport  62277

Sat Oct 05 23:56:26 2019

Total Line Count = 787

 Elaboration time 0.015625 sec.

 Estimate current memory usage 73.6707 Meg. 

 Total signals 10
 Total nets 5
 Total signal drivers 5
 Total blocks 7
 Total primitive blocks 1
 Total processes 3
ntrace select -o on -m / -l this 
ntrace start 
run all 
Simulator is doing circuit initialization process.
Finished circuit initialization process.
