 command line:
   ./WAVE_isim_beh.exe
     -intstyle  ise
     -ipchost  localhost
     -ipcport  50370

Tue Oct 08 22:46:52 2019

Total Line Count = 747

 Elaboration time 0.015625 sec.

 Estimate current memory usage 74.0598 Meg. 

 Total signals 14
 Total nets 7
 Total signal drivers 5
 Total blocks 7
 Total primitive blocks 1
 Total processes 3
ntrace select -o on -m / -l this 
ntrace start 
run all 
Simulator is doing circuit initialization process.
Finished circuit initialization process.
