Release 8.1i - xst I.24
Copyright (c) 1995-2005 Xilinx, Inc.  All rights reserved.
--> Parameter TMPDIR set to ./xst/projnav.tmp
CPU : 0.00 / 0.20 s | Elapsed : 0.00 / 0.00 s
 
--> Parameter xsthdpdir set to ./xst
CPU : 0.00 / 0.20 s | Elapsed : 0.00 / 0.00 s
 
--> Reading design: MUX4_1D_VHDL.prj

TABLE OF CONTENTS
  1) Synthesis Options Summary
  2) HDL Compilation
  3) HDL Analysis
  4) HDL Synthesis
     4.1) HDL Synthesis Report
  5) Advanced HDL Synthesis
     5.1) Advanced HDL Synthesis Report
  6) Low Level Synthesis
  7) Final Report

=========================================================================
*                      Synthesis Options Summary                        *
=========================================================================
---- Source Parameters
Input File Name                    : "MUX4_1D_VHDL.prj"
Input Format                       : mixed
Ignore Synthesis Constraint File   : NO

---- Target Parameters
Output File Name                   : "MUX4_1D_VHDL"
Output Format                      : NGC
Target Device                      : Automotive CoolRunner2

---- Source Options
Top Module Name                    : MUX4_1D_VHDL
Automatic FSM Extraction           : YES
FSM Encoding Algorithm             : Auto
Mux Extraction                     : YES
Resource Sharing                   : YES

---- Target Options
Add IO Buffers                     : YES
MACRO Preserve                     : YES
XOR Preserve                       : YES
Equivalent register Removal        : YES

---- General Options
Optimization Goal                  : Speed
Optimization Effort                : 1
Keep Hierarchy                     : YES
RTL Output                         : Yes
Hierarchy Separator                : /
Bus Delimiter                      : <>
Case Specifier                     : maintain

---- Other Options
lso                                : MUX4_1D_VHDL.lso
verilog2001                        : YES
safe_implementation                : No
wysiwyg                            : NO

=========================================================================


=========================================================================
*                          HDL Compilation                              *
=========================================================================
WARNING:HDLParsers:3300 - Invalid date.time ("ADDER/MUX4_1D/MUX4_1D_VHDL.vhd") scanned for file "C:/Xilinx/FULL" in dependency database.
WARNING:HDLParsers:3300 - Invalid date.time ("I.24") scanned for file "C:/Xilinx/FULL" in dependency database.
WARNING:HDLParsers:11 - xst/work/hdpdeps.ref.3: Invalid unit type: ADDER/MUX4_1D/MUX4_1D_VHDL.vhd
WARNING:HDLParsers:11 - xst/work/hdpdeps.ref.6: Invalid unit type: ADDER/MUX4_1D/MUX4_1D_VHDL.vhd
WARNING:HDLParsers:3215 - Unit work/MUX4_1D_VHDL is now defined in a different file: was C:/Xilinx/FULL, now is C:/Xilinx/FULL ADDER/MUX4_1D/MUX4_1D_VHDL.vhd
WARNING:HDLParsers:3215 - Unit work/MUX4_1D_VHDL/Behavioral is now defined in a different file: was C:/Xilinx/FULL, now is C:/Xilinx/FULL ADDER/MUX4_1D/MUX4_1D_VHDL.vhd
Compiling vhdl file "C:/Xilinx/FULL ADDER/MUX4_1D/MUX4_1D_VHDL.vhd" in Library work.
Architecture behavioral of Entity mux4_1d_vhdl is up to date.

=========================================================================
*                            HDL Analysis                               *
=========================================================================
Analyzing Entity <MUX4_1D_VHDL> (Architecture <behavioral>).
Entity <MUX4_1D_VHDL> analyzed. Unit <MUX4_1D_VHDL> generated.


=========================================================================
*                           HDL Synthesis                               *
=========================================================================

Synthesizing Unit <MUX4_1D_VHDL>.
    Related source file is "C:/Xilinx/FULL ADDER/MUX4_1D/MUX4_1D_VHDL.vhd".
Unit <MUX4_1D_VHDL> synthesized.


=========================================================================
HDL Synthesis Report

Found no macro
=========================================================================

=========================================================================
*                       Advanced HDL Synthesis                          *
=========================================================================


=========================================================================
Advanced HDL Synthesis Report

Found no macro
=========================================================================

=========================================================================
*                         Low Level Synthesis                           *
=========================================================================

Optimizing unit <MUX4_1D_VHDL> ...

=========================================================================
*                            Final Report                               *
=========================================================================
Final Results
RTL Top Level Output File Name     : MUX4_1D_VHDL.ngr
Top Level Output File Name         : MUX4_1D_VHDL
Output Format                      : NGC
Optimization Goal                  : Speed
Keep Hierarchy                     : YES
Target Technology                  : Automotive CoolRunner2
Macro Preserve                     : YES
XOR Preserve                       : YES
wysiwyg                            : NO

Design Statistics
# IOs                              : 7

Cell Usage :
# BELS                             : 12
#      AND2                        : 6
#      INV                         : 3
#      OR2                         : 3
# IO Buffers                       : 7
#      IBUF                        : 6
#      OBUF                        : 1
=========================================================================
CPU : 2.43 / 2.63 s | Elapsed : 3.00 / 3.00 s
 
--> 

Total memory usage is 146968 kilobytes

Number of errors   :    0 (   0 filtered)
Number of warnings :    6 (   0 filtered)
Number of infos    :    0 (   0 filtered)

